# JRE version: Java(TM) SE Runtime Environment (8.0_112-b15) (build 1.8.0_112-b15)
# Java VM: Java HotSpot(TM) 64-Bit Server VM (25.112-b15 mixed mode windows-amd64 compressed oops)
Heap:
 PSYoungGen      total 54784K, used 45929K [0x00000007bc400000, 0x00000007c0000000, 0x00000007c0000000)
  eden space 48128K, 92% used [0x00000007bc400000,0x00000007bef5b008,0x00000007bf300000)
  from space 6656K, 23% used [0x00000007bf300000,0x00000007bf47f730,0x00000007bf980000)
  to   space 6144K, 0% used [0x00000007bfa00000,0x00000007bfa00000,0x00000007c0000000)
 ParOldGen       total 281088K, used 214301K [0x0000000700000000, 0x0000000711280000, 0x00000007bc400000)
  object space 281088K, 76% used [0x0000000700000000,0x000000070d147700,0x0000000711280000)
 Metaspace       used 92081K, capacity 93079K, committed 93696K, reserved 1128448K
  class space    used 13585K, capacity 13776K, committed 13824K, reserved 1048576K
GC Heap History (10 events):
Event: 359059.570 GC heap before
{Heap before GC invocations=5489 (full 210):
 PSYoungGen      total 55296K, used 49600K [0x00000007bc400000, 0x00000007c0000000, 0x00000007c0000000)
  eden space 48640K, 100% used [0x00000007bc400000,0x00000007bf380000,0x00000007bf380000)
  from space 6656K, 14% used [0x00000007bf980000,0x00000007bfa70000,0x00000007c0000000)
  to   space 6144K, 0% used [0x00000007bf380000,0x00000007bf380000,0x00000007bf980000)
 ParOldGen       total 281088K, used 203576K [0x0000000700000000, 0x0000000711280000, 0x00000007bc400000)
  object space 281088K, 72% used [0x0000000700000000,0x000000070c6ce278,0x0000000711280000)
 Metaspace       used 92065K, capacity 93079K, committed 93696K, reserved 1128448K
  class space    used 13585K, capacity 13776K, committed 13824K, reserved 1048576K
Event: 359059.575 GC heap after
Heap after GC invocations=5489 (full 210):
 PSYoungGen      total 54784K, used 1344K [0x00000007bc400000, 0x00000007c0000000, 0x00000007c0000000)
  eden space 48640K, 0% used [0x00000007bc400000,0x00000007bc400000,0x00000007bf380000)
  from space 6144K, 21% used [0x00000007bf380000,0x00000007bf4d0090,0x00000007bf980000)
  to   space 5632K, 0% used [0x00000007bfa80000,0x00000007bfa80000,0x00000007c0000000)
 ParOldGen       total 281088K, used 204160K [0x0000000700000000, 0x0000000711280000, 0x00000007bc400000)
  object space 281088K, 72% used [0x0000000700000000,0x000000070c760298,0x0000000711280000)
 Metaspace       used 92065K, capacity 93079K, committed 93696K, reserved 1128448K
  class space    used 13585K, capacity 13776K, committed 13824K, reserved 1048576K
}
Event: 359059.928 GC heap before
{Heap before GC invocations=5490 (full 210):
 PSYoungGen      total 54784K, used 49984K [0x00000007bc400000, 0x00000007c0000000, 0x00000007c0000000)
  eden space 48640K, 100% used [0x00000007bc400000,0x00000007bf380000,0x00000007bf380000)
  from space 6144K, 21% used [0x00000007bf380000,0x00000007bf4d0090,0x00000007bf980000)
  to   space 5632K, 0% used [0x00000007bfa80000,0x00000007bfa80000,0x00000007c0000000)
 ParOldGen       total 281088K, used 204160K [0x0000000700000000, 0x0000000711280000, 0x00000007bc400000)
  object space 281088K, 72% used [0x0000000700000000,0x000000070c760298,0x0000000711280000)
 Metaspace       used 92068K, capacity 93079K, committed 93696K, reserved 1128448K
  class space    used 13585K, capacity 13776K, committed 13824K, reserved 1048576K
Event: 359059.935 GC heap after
Heap after GC invocations=5490 (full 210):
 PSYoungGen      total 54784K, used 3320K [0x00000007bc400000, 0x00000007c0000000, 0x00000007c0000000)
  eden space 49152K, 0% used [0x00000007bc400000,0x00000007bc400000,0x00000007bf400000)
  from space 5632K, 58% used [0x00000007bfa80000,0x00000007bfdbe0d0,0x00000007c0000000)
  to   space 6144K, 0% used [0x00000007bf400000,0x00000007bf400000,0x00000007bfa00000)
 ParOldGen       total 281088K, used 211795K [0x0000000700000000, 0x0000000711280000, 0x00000007bc400000)
  object space 281088K, 75% used [0x0000000700000000,0x000000070ced4ea8,0x0000000711280000)
 Metaspace       used 92068K, capacity 93079K, committed 93696K, reserved 1128448K
  class space    used 13585K, capacity 13776K, committed 13824K, reserved 1048576K
}
Event: 359069.337 GC heap before
{Heap before GC invocations=5491 (full 210):
 PSYoungGen      total 54784K, used 52472K [0x00000007bc400000, 0x00000007c0000000, 0x00000007c0000000)
  eden space 49152K, 100% used [0x00000007bc400000,0x00000007bf400000,0x00000007bf400000)
  from space 5632K, 58% used [0x00000007bfa80000,0x00000007bfdbe0d0,0x00000007c0000000)
  to   space 6144K, 0% used [0x00000007bf400000,0x00000007bf400000,0x00000007bfa00000)
 ParOldGen       total 281088K, used 211795K [0x0000000700000000, 0x0000000711280000, 0x00000007bc400000)
  object space 281088K, 75% used [0x0000000700000000,0x000000070ced4ea8,0x0000000711280000)
 Metaspace       used 92077K, capacity 93079K, committed 93696K, reserved 1128448K
  class space    used 13585K, capacity 13776K, committed 13824K, reserved 1048576K
Event: 359069.348 GC heap after
Heap after GC invocations=5491 (full 210):
 PSYoungGen      total 53760K, used 4248K [0x00000007bc400000, 0x00000007c0000000, 0x00000007c0000000)
  eden space 49152K, 0% used [0x00000007bc400000,0x00000007bc400000,0x00000007bf400000)
  from space 4608K, 92% used [0x00000007bf400000,0x00000007bf8260d0,0x00000007bf880000)
  to   space 6656K, 0% used [0x00000007bf980000,0x00000007bf980000,0x00000007c0000000)
 ParOldGen       total 281088K, used 211827K [0x0000000700000000, 0x0000000711280000, 0x00000007bc400000)
  object space 281088K, 75% used [0x0000000700000000,0x000000070cedcea8,0x0000000711280000)
 Metaspace       used 92077K, capacity 93079K, committed 93696K, reserved 1128448K
  class space    used 13585K, capacity 13776K, committed 13824K, reserved 1048576K
}
Event: 359072.386 GC heap before
{Heap before GC invocations=5492 (full 210):
 PSYoungGen      total 53760K, used 53400K [0x00000007bc400000, 0x00000007c0000000, 0x00000007c0000000)
  eden space 49152K, 100% used [0x00000007bc400000,0x00000007bf400000,0x00000007bf400000)
  from space 4608K, 92% used [0x00000007bf400000,0x00000007bf8260d0,0x00000007bf880000)
  to   space 6656K, 0% used [0x00000007bf980000,0x00000007bf980000,0x00000007c0000000)
 ParOldGen       total 281088K, used 211827K [0x0000000700000000, 0x0000000711280000, 0x00000007bc400000)
  object space 281088K, 75% used [0x0000000700000000,0x000000070cedcea8,0x0000000711280000)
 Metaspace       used 92077K, capacity 93079K, committed 93696K, reserved 1128448K
  class space    used 13585K, capacity 13776K, committed 13824K, reserved 1048576K
Event: 359072.395 GC heap after
Heap after GC invocations=5492 (full 210):
 PSYoungGen      total 54784K, used 3224K [0x00000007bc400000, 0x00000007c0000000, 0x00000007c0000000)
  eden space 48128K, 0% used [0x00000007bc400000,0x00000007bc400000,0x00000007bf300000)
  from space 6656K, 48% used [0x00000007bf980000,0x00000007bfca60d0,0x00000007c0000000)
  to   space 6656K, 0% used [0x00000007bf300000,0x00000007bf300000,0x00000007bf980000)
 ParOldGen       total 281088K, used 212219K [0x0000000700000000, 0x0000000711280000, 0x00000007bc400000)
  object space 281088K, 75% used [0x0000000700000000,0x000000070cf3eeb8,0x0000000711280000)
 Metaspace       used 92077K, capacity 93079K, committed 93696K, reserved 1128448K
  class space    used 13585K, capacity 13776K, committed 13824K, reserved 1048576K
}
Event: 359073.753 GC heap before
{Heap before GC invocations=5493 (full 210):
 PSYoungGen      total 54784K, used 51352K [0x00000007bc400000, 0x00000007c0000000, 0x00000007c0000000)
  eden space 48128K, 100% used [0x00000007bc400000,0x00000007bf300000,0x00000007bf300000)
  from space 6656K, 48% used [0x00000007bf980000,0x00000007bfca60d0,0x00000007c0000000)
  to   space 6656K, 0% used [0x00000007bf300000,0x00000007bf300000,0x00000007bf980000)
 ParOldGen       total 281088K, used 212219K [0x0000000700000000, 0x0000000711280000, 0x00000007bc400000)
  object space 281088K, 75% used [0x0000000700000000,0x000000070cf3eeb8,0x0000000711280000)
 Metaspace       used 92081K, capacity 93079K, committed 93696K, reserved 1128448K
  class space    used 13585K, capacity 13776K, committed 13824K, reserved 1048576K
Event: 359073.761 GC heap after
Heap after GC invocations=5493 (full 210):
 PSYoungGen      total 54784K, used 1533K [0x00000007bc400000, 0x00000007c0000000, 0x00000007c0000000)
  eden space 48128K, 0% used [0x00000007bc400000,0x00000007bc400000,0x00000007bf300000)
  from space 6656K, 23% used [0x00000007bf300000,0x00000007bf47f730,0x00000007bf980000)
  to   space 6144K, 0% used [0x00000007bfa00000,0x00000007bfa00000,0x00000007c0000000)
 ParOldGen       total 281088K, used 214301K [0x0000000700000000, 0x0000000711280000, 0x00000007bc400000)
  object space 281088K, 76% used [0x0000000700000000,0x000000070d147700,0x0000000711280000)
 Metaspace       used 92081K, capacity 93079K, committed 93696K, reserved 1128448K
  class space    used 13585K, capacity 13776K, committed 13824K, reserved 1048576K
}

